Info: Starting: Create HDL design files for synthesis
Info: qsys-generate D:\Documentos\Downloads\ConexionAtomNios\de2i_150_pcie.qsys --synthesis=VERILOG --output-directory=D:\Documentos\Downloads\ConexionAtomNios\de2i_150_pcie\synthesis --family="Cyclone IV GX" --part=EP4CGX150DF31C7
Progress: Loading ConexionAtomNios/de2i_150_pcie.qsys
Progress: Reading input file
Progress: Adding altpll_qsys [altpll 15.1]
Progress: Parameterizing module altpll_qsys
Progress: Adding clk_50 [clock_source 15.1]
Progress: Parameterizing module clk_50
Progress: Adding nios2 [altera_nios2_gen2 15.1]
Progress: Parameterizing module nios2
Progress: Adding onchip_memory [altera_avalon_onchip_memory2 15.1]
Progress: Parameterizing module onchip_memory
Progress: Adding pcie_ip [altera_pcie_hard_ip 15.1]
Progress: Parameterizing module pcie_ip
Progress: Adding sgdma [altera_avalon_sgdma 15.1]
Progress: Parameterizing module sgdma
Progress: Building connections
Progress: Parameterizing connections
Progress: Validating
Progress: Done reading input file
Info: de2i_150_pcie.pcie_ip:  Rx Master BAR 1_0 mapped to 13 -bit Avalon-MM address
Info: de2i_150_pcie.pcie_ip:  Rx Master BAR 2 mapped to 15 -bit Avalon-MM address
Warning: de2i_150_pcie.pcie_ip.pcie_ip: Module dependency loop involving: "pcie_internal_hip" (altera_pcie_internal_hard_ip_qsys 15.1)
Warning: de2i_150_pcie.pcie_ip.pcie_ip: Module dependency loop involving: "pcie_internal_hip" (altera_pcie_internal_hard_ip_qsys 15.1), "avalon_clk" (altera_clock_bridge 15.1)
Info: de2i_150_pcie.pcie_ip.pcie_internal_hip:  Txs Address width is 31
Info: de2i_150_pcie.pcie_ip.pcie_internal_hip: Application clock frequency is 125 Mhz 
Warning: de2i_150_pcie.pcie_ip.pcie_internal_hip.app_msi_ack: Interface has no signals
Warning: de2i_150_pcie.pcie_ip.pcie_internal_hip.app_msi_num: Interface has no signals
Warning: de2i_150_pcie.pcie_ip.pcie_internal_hip.app_msi_req: Interface has no signals
Warning: de2i_150_pcie.pcie_ip.pcie_internal_hip.test_out_export: Interface has no signals
Info: de2i_150_pcie.pcie_ip.altgx_internal: Family: Cyclone IV GX
Info: de2i_150_pcie.pcie_ip.altgx_internal: Lanes: 1
Warning: de2i_150_pcie.pcie_ip.pcie_internal_hip: pcie_internal_hip.pcie_core_clk cannot be both connected and exported
Warning: de2i_150_pcie.pcie_ip.pcie_internal_hip: pcie_internal_hip.app_msi_ack must be exported, or connected to a matching conduit.
Warning: de2i_150_pcie.pcie_ip.pcie_internal_hip: pcie_internal_hip.rc_rx_analogreset must be exported, or connected to a matching conduit.
Warning: de2i_150_pcie.pcie_ip.pcie_internal_hip: pcie_internal_hip.rc_rx_digitalreset must be exported, or connected to a matching conduit.
Warning: de2i_150_pcie.pcie_ip.pcie_internal_hip: pcie_internal_hip.app_msi_num must be exported, or connected to a matching conduit.
Warning: de2i_150_pcie.pcie_ip.pcie_internal_hip: pcie_internal_hip.app_msi_req must be exported, or connected to a matching conduit.
Warning: de2i_150_pcie.pcie_ip.pcie_internal_hip: pcie_internal_hip.msi_interface_export must be exported, or connected to a matching conduit.
Warning: de2i_150_pcie.pcie_ip.pcie_internal_hip: pcie_internal_hip.tx_deemph_0 must be exported, or connected to a matching conduit.
Warning: de2i_150_pcie.pcie_ip.pcie_internal_hip: pcie_internal_hip.tx_margin_0 must be exported, or connected to a matching conduit.
Warning: de2i_150_pcie.pcie_ip.pcie_internal_hip: pcie_internal_hip.test_out_export must be exported, or connected to a matching conduit.
Warning: de2i_150_pcie.pcie_ip.pipe_interface_internal: pipe_interface_internal.pll_powerdown_pcs must be exported, or connected to a matching conduit.
Warning: de2i_150_pcie.pcie_ip.pipe_interface_internal: pipe_interface_internal.rateswitch_pcs must be exported, or connected to a matching conduit.
Warning: de2i_150_pcie.pcie_ip.pipe_interface_internal: pipe_interface_internal.rateswitchbaseclock_pcs must be exported, or connected to a matching conduit.
Warning: de2i_150_pcie.pcie_ip.refclk_conduit: refclk_conduit.conduit_out_2 must be exported, or connected to a matching conduit.
Warning: de2i_150_pcie.pcie_ip.refclk_conduit: refclk_conduit.conduit_out_3 must be exported, or connected to a matching conduit.
Warning: de2i_150_pcie.pcie_ip.refclk_conduit: refclk_conduit.conduit_out_4 must be exported, or connected to a matching conduit.
Warning: de2i_150_pcie.pcie_ip.refclk_conduit: refclk_conduit.conduit_out_5 must be exported, or connected to a matching conduit.
Warning: de2i_150_pcie.pcie_ip.refclk_conduit: refclk_conduit.conduit_out_6 must be exported, or connected to a matching conduit.
Warning: de2i_150_pcie.pcie_ip.refclk_conduit: refclk_conduit.conduit_out_7 must be exported, or connected to a matching conduit.
Warning: de2i_150_pcie.pcie_ip.refclk_conduit: refclk_conduit.conduit_out_8 must be exported, or connected to a matching conduit.
Warning: de2i_150_pcie.pcie_ip.refclk_conduit: refclk_conduit.conduit_out_9 must be exported, or connected to a matching conduit.
Warning: de2i_150_pcie.pcie_ip.reset_controller_internal: reset_controller_internal.reset_n_out cannot be both connected and exported
Warning: de2i_150_pcie.altpll_qsys: altpll_qsys.areset_conduit must be exported, or connected to a matching conduit.
Warning: de2i_150_pcie.altpll_qsys: altpll_qsys.locked_conduit must be exported, or connected to a matching conduit.
Warning: de2i_150_pcie.altpll_qsys: altpll_qsys.phasedone_conduit must be exported, or connected to a matching conduit.
Warning: de2i_150_pcie.pcie_ip: Interrupt sender pcie_ip.cra_irq is not connected to an interrupt receiver
Warning: de2i_150_pcie.altpll_qsys: altpll_qsys.pll_slave must be connected to an Avalon-MM master
Info: de2i_150_pcie: Generating de2i_150_pcie "de2i_150_pcie" for QUARTUS_SYNTH
Info: altpll_qsys: "de2i_150_pcie" instantiated altpll "altpll_qsys"
Info: nios2: "de2i_150_pcie" instantiated altera_nios2_gen2 "nios2"
Info: onchip_memory: Starting RTL generation for module 'de2i_150_pcie_onchip_memory'
Info: onchip_memory:   Generation command is [exec C:/altera_lite/15.1/quartus/bin64/perl/bin/perl.exe -I C:/altera_lite/15.1/quartus/bin64/perl/lib -I C:/altera_lite/15.1/quartus/sopc_builder/bin/europa -I C:/altera_lite/15.1/quartus/sopc_builder/bin/perl_lib -I C:/altera_lite/15.1/quartus/sopc_builder/bin -I C:/altera_lite/15.1/quartus/../ip/altera/sopc_builder_ip/common -I C:/altera_lite/15.1/quartus/../ip/altera/sopc_builder_ip/altera_avalon_onchip_memory2 -- C:/altera_lite/15.1/quartus/../ip/altera/sopc_builder_ip/altera_avalon_onchip_memory2/generate_rtl.pl --name=de2i_150_pcie_onchip_memory --dir=C:/Users/Daniel/AppData/Local/Temp/alt6950_6857978078312960056.dir/0004_onchip_memory_gen/ --quartus_dir=C:/altera_lite/15.1/quartus --verilog --config=C:/Users/Daniel/AppData/Local/Temp/alt6950_6857978078312960056.dir/0004_onchip_memory_gen//de2i_150_pcie_onchip_memory_component_configuration.pl  --do_build_sim=0  ]
Info: onchip_memory: Done RTL generation for module 'de2i_150_pcie_onchip_memory'
Info: onchip_memory: "de2i_150_pcie" instantiated altera_avalon_onchip_memory2 "onchip_memory"
Info: pcie_ip: "de2i_150_pcie" instantiated altera_pcie_hard_ip "pcie_ip"
Info: sgdma: Starting RTL generation for module 'de2i_150_pcie_sgdma'
Info: sgdma:   Generation command is [exec C:/altera_lite/15.1/quartus/bin64/perl/bin/perl.exe -I C:/altera_lite/15.1/quartus/bin64/perl/lib -I C:/altera_lite/15.1/quartus/sopc_builder/bin/europa -I C:/altera_lite/15.1/quartus/sopc_builder/bin/perl_lib -I C:/altera_lite/15.1/quartus/sopc_builder/bin -I C:/altera_lite/15.1/quartus/../ip/altera/sopc_builder_ip/common -I C:/altera_lite/15.1/quartus/../ip/altera/sopc_builder_ip/altera_avalon_sgdma -- C:/altera_lite/15.1/quartus/../ip/altera/sopc_builder_ip/altera_avalon_sgdma/generate_rtl.pl --name=de2i_150_pcie_sgdma --dir=C:/Users/Daniel/AppData/Local/Temp/alt6950_6857978078312960056.dir/0005_sgdma_gen/ --quartus_dir=C:/altera_lite/15.1/quartus --verilog --config=C:/Users/Daniel/AppData/Local/Temp/alt6950_6857978078312960056.dir/0005_sgdma_gen//de2i_150_pcie_sgdma_component_configuration.pl  --do_build_sim=0  ]
Info: sgdma: Done RTL generation for module 'de2i_150_pcie_sgdma'
Info: sgdma: "de2i_150_pcie" instantiated altera_avalon_sgdma "sgdma"
Info: avalon_st_adapter: Inserting error_adapter: error_adapter_0
Info: avalon_st_adapter_001: Inserting error_adapter: error_adapter_0
Info: mm_interconnect_0: "de2i_150_pcie" instantiated altera_mm_interconnect "mm_interconnect_0"
Info: avalon_st_adapter: Inserting error_adapter: error_adapter_0
Info: avalon_st_adapter_001: Inserting error_adapter: error_adapter_0
Info: mm_interconnect_1: "de2i_150_pcie" instantiated altera_mm_interconnect "mm_interconnect_1"
Info: avalon_st_adapter: Inserting error_adapter: error_adapter_0
Info: avalon_st_adapter_001: Inserting error_adapter: error_adapter_0
Info: mm_interconnect_2: "de2i_150_pcie" instantiated altera_mm_interconnect "mm_interconnect_2"
Info: irq_mapper: "de2i_150_pcie" instantiated altera_irq_mapper "irq_mapper"
Info: irq_mapper_001: "de2i_150_pcie" instantiated altera_irq_mapper "irq_mapper_001"
Info: rst_controller: "de2i_150_pcie" instantiated altera_reset_controller "rst_controller"
Info: cpu: Starting RTL generation for module 'de2i_150_pcie_nios2_cpu'
Info: cpu:   Generation command is [exec C:/altera_lite/15.1/quartus/bin64//eperlcmd.exe -I C:/altera_lite/15.1/quartus/bin64//perl/lib -I C:/altera_lite/15.1/quartus/sopc_builder/bin/europa -I C:/altera_lite/15.1/quartus/sopc_builder/bin/perl_lib -I C:/altera_lite/15.1/quartus/sopc_builder/bin -I C:/altera_lite/15.1/quartus/../ip/altera/nios2_ip/altera_nios2_gen2/cpu_lib -I C:/altera_lite/15.1/quartus/../ip/altera/nios2_ip/altera_nios2_gen2/nios_lib -I C:/altera_lite/15.1/quartus/../ip/altera/nios2_ip/altera_nios2_gen2 -I C:/altera_lite/15.1/quartus/../ip/altera/nios2_ip/altera_nios2_gen2 -- C:/altera_lite/15.1/quartus/../ip/altera/nios2_ip/altera_nios2_gen2/generate_rtl.epl --name=de2i_150_pcie_nios2_cpu --dir=C:/Users/Daniel/AppData/Local/Temp/alt6950_6857978078312960056.dir/0009_cpu_gen/ --quartus_bindir=C:/altera_lite/15.1/quartus/bin64/ --verilog --config=C:/Users/Daniel/AppData/Local/Temp/alt6950_6857978078312960056.dir/0009_cpu_gen//de2i_150_pcie_nios2_cpu_processor_configuration.pl  --do_build_sim=0  ]
Info: cpu: # 2016.05.29 14:15:57 (*) Starting Nios II generation
Info: cpu: # 2016.05.29 14:15:57 (*)   Checking for plaintext license.
Info: cpu: # 2016.05.29 14:16:04 (*)   Couldn't query license setup in Quartus directory C:/altera_lite/15.1/quartus/bin64/
Info: cpu: # 2016.05.29 14:16:04 (*)   Defaulting to contents of LM_LICENSE_FILE environment variable
Info: cpu: # 2016.05.29 14:16:04 (*)   LM_LICENSE_FILE environment variable is empty
Info: cpu: # 2016.05.29 14:16:04 (*)   Plaintext license not found.
Info: cpu: # 2016.05.29 14:16:04 (*)   No license required to generate encrypted Nios II/e.
Info: cpu: # 2016.05.29 14:16:04 (*)   Elaborating CPU configuration settings
Info: cpu: # 2016.05.29 14:16:04 (*)   Creating all objects for CPU
Info: cpu: # 2016.05.29 14:16:07 (*)   Generating RTL from CPU objects
Info: cpu: # 2016.05.29 14:16:07 (*)   Creating plain-text RTL
Info: cpu: # 2016.05.29 14:16:09 (*) Done Nios II generation
Info: cpu: Done RTL generation for module 'de2i_150_pcie_nios2_cpu'
Info: cpu: "nios2" instantiated altera_nios2_gen2_unit "cpu"
Info: pcie_internal_hip: "pcie_ip" instantiated altera_pcie_internal_hard_ip_qsys "pcie_internal_hip"
Info: altgx_internal: Family: Cyclone IV GX
Info: altgx_internal: Subprotocol: Gen 1-x1
Info: altgx_internal: qmegawiz -silent module=alt_c3gxb LOCKDOWN_EXCL=PCIE IP_MODE=PCIE_HIP_8 gxb_analog_power=AUTO tx_analog_power=AUTO elec_idle_infer_enable=false tx_allow_polarity_inversion=false rx_cdrctrl_enable=true hip_tx_clkout rx_elecidleinfersel fixedclk enable_0ppm=false pll_powerdown intended_device_family=cycloneiv starting_channel_number=84   deviceFamily="Cyclone IV GX"  wiz_subprotocol="Gen 1-x1"  OPTIONAL_FILES=NONE de2i_150_pcie_pcie_ip_altgx_internal.v
Info: altgx_internal: "pcie_ip" instantiated altera_pcie_internal_altgx "altgx_internal"
Info: reset_controller_internal: "pcie_ip" instantiated altera_pcie_internal_reset_controller_qsys "reset_controller_internal"
Info: pipe_interface_internal: "pcie_ip" instantiated altera_pcie_internal_pipe_interface_qsys "pipe_interface_internal"
Info: pcie_ip_bar1_0_translator: "mm_interconnect_0" instantiated altera_merlin_master_translator "pcie_ip_bar1_0_translator"
Info: onchip_memory_s1_translator: "mm_interconnect_0" instantiated altera_merlin_slave_translator "onchip_memory_s1_translator"
Info: pcie_ip_bar1_0_agent: "mm_interconnect_0" instantiated altera_merlin_master_agent "pcie_ip_bar1_0_agent"
Info: onchip_memory_s1_agent: "mm_interconnect_0" instantiated altera_merlin_slave_agent "onchip_memory_s1_agent"
Info: onchip_memory_s1_agent_rsp_fifo: "mm_interconnect_0" instantiated altera_avalon_sc_fifo "onchip_memory_s1_agent_rsp_fifo"
Info: router: "mm_interconnect_0" instantiated altera_merlin_router "router"
Info: router_001: "mm_interconnect_0" instantiated altera_merlin_router "router_001"
Info: router_003: "mm_interconnect_0" instantiated altera_merlin_router "router_003"
Info: router_005: "mm_interconnect_0" instantiated altera_merlin_router "router_005"
Info: router_006: "mm_interconnect_0" instantiated altera_merlin_router "router_006"
Info: sgdma_m_read_limiter: "mm_interconnect_0" instantiated altera_merlin_traffic_limiter "sgdma_m_read_limiter"
Info: Reusing file D:/Documentos/Downloads/ConexionAtomNios/de2i_150_pcie/synthesis/submodules/altera_avalon_sc_fifo.v
Info: onchip_memory_s1_burst_adapter: "mm_interconnect_0" instantiated altera_merlin_burst_adapter "onchip_memory_s1_burst_adapter"
Info: Reusing file D:/Documentos/Downloads/ConexionAtomNios/de2i_150_pcie/synthesis/submodules/altera_avalon_st_pipeline_base.v
Info: cmd_demux: "mm_interconnect_0" instantiated altera_merlin_demultiplexer "cmd_demux"
Info: cmd_demux_001: "mm_interconnect_0" instantiated altera_merlin_demultiplexer "cmd_demux_001"
Info: cmd_demux_002: "mm_interconnect_0" instantiated altera_merlin_demultiplexer "cmd_demux_002"
Info: cmd_mux: "mm_interconnect_0" instantiated altera_merlin_multiplexer "cmd_mux"
Info: cmd_mux_001: "mm_interconnect_0" instantiated altera_merlin_multiplexer "cmd_mux_001"
Info: Reusing file D:/Documentos/Downloads/ConexionAtomNios/de2i_150_pcie/synthesis/submodules/altera_merlin_arbitrator.sv
Info: rsp_demux: "mm_interconnect_0" instantiated altera_merlin_demultiplexer "rsp_demux"
Info: rsp_demux_001: "mm_interconnect_0" instantiated altera_merlin_demultiplexer "rsp_demux_001"
Info: rsp_mux: "mm_interconnect_0" instantiated altera_merlin_multiplexer "rsp_mux"
Info: Reusing file D:/Documentos/Downloads/ConexionAtomNios/de2i_150_pcie/synthesis/submodules/altera_merlin_arbitrator.sv
Info: rsp_mux_001: "mm_interconnect_0" instantiated altera_merlin_multiplexer "rsp_mux_001"
Info: Reusing file D:/Documentos/Downloads/ConexionAtomNios/de2i_150_pcie/synthesis/submodules/altera_merlin_arbitrator.sv
Info: sgdma_descriptor_read_rsp_width_adapter: "mm_interconnect_0" instantiated altera_merlin_width_adapter "sgdma_descriptor_read_rsp_width_adapter"
Info: Reusing file D:/Documentos/Downloads/ConexionAtomNios/de2i_150_pcie/synthesis/submodules/altera_merlin_address_alignment.sv
Info: Reusing file D:/Documentos/Downloads/ConexionAtomNios/de2i_150_pcie/synthesis/submodules/altera_merlin_burst_uncompressor.sv
Info: avalon_st_adapter: "mm_interconnect_0" instantiated altera_avalon_st_adapter "avalon_st_adapter"
Info: router: "mm_interconnect_1" instantiated altera_merlin_router "router"
Info: router_001: "mm_interconnect_1" instantiated altera_merlin_router "router_001"
Info: cmd_demux: "mm_interconnect_1" instantiated altera_merlin_demultiplexer "cmd_demux"
Info: cmd_mux: "mm_interconnect_1" instantiated altera_merlin_multiplexer "cmd_mux"
Info: Reusing file D:/Documentos/Downloads/ConexionAtomNios/de2i_150_pcie/synthesis/submodules/altera_merlin_arbitrator.sv
Info: rsp_demux: "mm_interconnect_1" instantiated altera_merlin_demultiplexer "rsp_demux"
Info: rsp_mux: "mm_interconnect_1" instantiated altera_merlin_multiplexer "rsp_mux"
Info: Reusing file D:/Documentos/Downloads/ConexionAtomNios/de2i_150_pcie/synthesis/submodules/altera_merlin_arbitrator.sv
Info: avalon_st_adapter: "mm_interconnect_1" instantiated altera_avalon_st_adapter "avalon_st_adapter"
Info: router: "mm_interconnect_2" instantiated altera_merlin_router "router"
Info: router_002: "mm_interconnect_2" instantiated altera_merlin_router "router_002"
Info: router_003: "mm_interconnect_2" instantiated altera_merlin_router "router_003"
Info: cmd_demux: "mm_interconnect_2" instantiated altera_merlin_demultiplexer "cmd_demux"
Info: cmd_mux: "mm_interconnect_2" instantiated altera_merlin_multiplexer "cmd_mux"
Info: Reusing file D:/Documentos/Downloads/ConexionAtomNios/de2i_150_pcie/synthesis/submodules/altera_merlin_arbitrator.sv
Info: rsp_mux: "mm_interconnect_2" instantiated altera_merlin_multiplexer "rsp_mux"
Info: Reusing file D:/Documentos/Downloads/ConexionAtomNios/de2i_150_pcie/synthesis/submodules/altera_merlin_arbitrator.sv
Info: error_adapter_0: "avalon_st_adapter" instantiated error_adapter "error_adapter_0"
Info: error_adapter_0: "avalon_st_adapter" instantiated error_adapter "error_adapter_0"
Info: de2i_150_pcie: Done "de2i_150_pcie" with 55 modules, 102 files
Info: qsys-generate succeeded.
Info: Finished: Create HDL design files for synthesis
