Flow report for ConexionAtomNios
Sun May 29 16:37:46 2016
Quartus Prime Version 15.1.0 Build 185 10/21/2015 SJ Lite Edition


---------------------
; Table of Contents ;
---------------------
  1. Legal Notice
  2. Flow Summary
  3. Flow Settings
  4. Flow Non-Default Global Settings
  5. Flow Elapsed Time
  6. Flow OS Summary
  7. Flow Log
  8. Flow Messages
  9. Flow Suppressed Messages



----------------
; Legal Notice ;
----------------
Copyright (C) 1991-2015 Altera Corporation. All rights reserved.
Your use of Altera Corporation's design tools, logic functions 
and other software and tools, and its AMPP partner logic 
functions, and any output files from any of the foregoing 
(including device programming or simulation files), and any 
associated documentation or information are expressly subject 
to the terms and conditions of the Altera Program License 
Subscription Agreement, the Altera Quartus Prime License Agreement,
the Altera MegaCore Function License Agreement, or other 
applicable license agreement, including, without limitation, 
that your use is for the sole purpose of programming logic 
devices manufactured by Altera and sold by Altera or its 
authorized distributors.  Please refer to the applicable 
agreement for further details.



+----------------------------------------------------------------------------------+
; Flow Summary                                                                     ;
+------------------------------------+---------------------------------------------+
; Flow Status                        ; Successful - Sun May 29 16:37:21 2016       ;
; Quartus Prime Version              ; 15.1.0 Build 185 10/21/2015 SJ Lite Edition ;
; Revision Name                      ; ConexionAtomNios                            ;
; Top-level Entity Name              ; ConexionAtomNios                            ;
; Family                             ; Cyclone IV GX                               ;
; Device                             ; EP4CGX150DF31C7                             ;
; Timing Models                      ; Final                                       ;
; Total logic elements               ; 9,063 / 149,760 ( 6 % )                     ;
;     Total combinational functions  ; 7,622 / 149,760 ( 5 % )                     ;
;     Dedicated logic registers      ; 5,553 / 149,760 ( 4 % )                     ;
; Total registers                    ; 5553                                        ;
; Total pins                         ; 8 / 508 ( 2 % )                             ;
; Total virtual pins                 ; 0                                           ;
; Total memory bits                  ; 1,150,696 / 6,635,520 ( 17 % )              ;
; Embedded Multiplier 9-bit elements ; 0 / 720 ( 0 % )                             ;
; Total GXB Receiver Channel PCS     ; 1 / 8 ( 13 % )                              ;
; Total GXB Receiver Channel PMA     ; 1 / 8 ( 13 % )                              ;
; Total GXB Transmitter Channel PCS  ; 1 / 8 ( 13 % )                              ;
; Total GXB Transmitter Channel PMA  ; 1 / 8 ( 13 % )                              ;
; Total PLLs                         ; 2 / 8 ( 25 % )                              ;
+------------------------------------+---------------------------------------------+


+-----------------------------------------+
; Flow Settings                           ;
+-------------------+---------------------+
; Option            ; Setting             ;
+-------------------+---------------------+
; Start date & time ; 05/29/2016 16:33:01 ;
; Main task         ; Compilation         ;
; Revision Name     ; ConexionAtomNios    ;
+-------------------+---------------------+


+----------------------------------------------------------------------------------------------------------------------------------------------------+
; Flow Non-Default Global Settings                                                                                                                   ;
+-------------------------------------+-----------------------------------------------------------------+---------------+---------------+------------+
; Assignment Name                     ; Value                                                           ; Default Value ; Entity Name   ; Section Id ;
+-------------------------------------+-----------------------------------------------------------------+---------------+---------------+------------+
; COMPILER_SIGNATURE_ID               ; 1097130061339.146456118003068                                   ; --            ; --            ; --         ;
; MAX_CORE_JUNCTION_TEMP              ; 85                                                              ; --            ; --            ; --         ;
; MIN_CORE_JUNCTION_TEMP              ; 0                                                               ; --            ; --            ; --         ;
; MISC_FILE                           ; de2i_150_pcie/synthesis/../de2i_150_pcie.cmp                    ; --            ; --            ; --         ;
; MISC_FILE                           ; de2i_150_pcie/synthesis/../../de2i_150_pcie.qsys                ; --            ; --            ; --         ;
; NOMINAL_CORE_SUPPLY_VOLTAGE         ; 1.2V                                                            ; --            ; --            ; --         ;
; PARTITION_COLOR                     ; 16764057                                                        ; --            ; --            ; Top        ;
; PARTITION_FITTER_PRESERVATION_LEVEL ; PLACEMENT_AND_ROUTING                                           ; --            ; --            ; Top        ;
; PARTITION_NETLIST_TYPE              ; SOURCE                                                          ; --            ; --            ; Top        ;
; POWER_BOARD_THERMAL_MODEL           ; None (CONSERVATIVE)                                             ; --            ; --            ; --         ;
; POWER_PRESET_COOLING_SOLUTION       ; 23 MM HEAT SINK WITH 200 LFPM AIRFLOW                           ; --            ; --            ; --         ;
; PROJECT_OUTPUT_DIRECTORY            ; output_files                                                    ; --            ; --            ; --         ;
; SLD_FILE                            ; de2i_150_pcie/synthesis/de2i_150_pcie.debuginfo                 ; --            ; --            ; --         ;
; SLD_INFO                            ; QSYS_NAME de2i_150_pcie HAS_SOPCINFO 1 GENERATION_ID 1464554229 ; --            ; de2i_150_pcie ; --         ;
; SOPCINFO_FILE                       ; de2i_150_pcie/synthesis/../../de2i_150_pcie.sopcinfo            ; --            ; --            ; --         ;
; SYNTHESIS_ONLY_QIP                  ; On                                                              ; --            ; --            ; --         ;
+-------------------------------------+-----------------------------------------------------------------+---------------+---------------+------------+


+-------------------------------------------------------------------------------------------------------------------------------+
; Flow Elapsed Time                                                                                                             ;
+---------------------------+--------------+-------------------------+---------------------+------------------------------------+
; Module Name               ; Elapsed Time ; Average Processors Used ; Peak Virtual Memory ; Total CPU Time (on all processors) ;
+---------------------------+--------------+-------------------------+---------------------+------------------------------------+
; Analysis & Synthesis      ; 00:01:56     ; 1.0                     ; 1227 MB             ; 00:02:41                           ;
; Fitter                    ; 00:01:36     ; 1.0                     ; 1750 MB             ; 00:02:00                           ;
; Assembler                 ; 00:00:15     ; 1.0                     ; 853 MB              ; 00:00:14                           ;
; TimeQuest Timing Analyzer ; 00:00:12     ; 1.2                     ; 1088 MB             ; 00:00:13                           ;
; Total                     ; 00:03:59     ; --                      ; --                  ; 00:05:08                           ;
+---------------------------+--------------+-------------------------+---------------------+------------------------------------+


+----------------------------------------------------------------------------------------+
; Flow OS Summary                                                                        ;
+---------------------------+------------------+-----------+------------+----------------+
; Module Name               ; Machine Hostname ; OS Name   ; OS Version ; Processor type ;
+---------------------------+------------------+-----------+------------+----------------+
; Analysis & Synthesis      ; DChacon          ; Windows 8 ; 6.2        ; x86_64         ;
; Fitter                    ; DChacon          ; Windows 8 ; 6.2        ; x86_64         ;
; Assembler                 ; DChacon          ; Windows 8 ; 6.2        ; x86_64         ;
; TimeQuest Timing Analyzer ; DChacon          ; Windows 8 ; 6.2        ; x86_64         ;
+---------------------------+------------------+-----------+------------+----------------+


------------
; Flow Log ;
------------
quartus_map --read_settings_files=on --write_settings_files=off ConexionAtomNios -c ConexionAtomNios
quartus_fit --read_settings_files=off --write_settings_files=off ConexionAtomNios -c ConexionAtomNios
quartus_asm --read_settings_files=off --write_settings_files=off ConexionAtomNios -c ConexionAtomNios
quartus_sta ConexionAtomNios -c ConexionAtomNios



